x	f(x)	gradient

0.0 0.0 0
0.0031622776596803744 -7.05689087138315 -18.0
0.005455281298772419 -7.098105133697019 -17.980906334041954
0.007374674568594449 -7.13257938044868 -17.96691119107878
0.009078134609315818 -7.16315619277564 -17.955099322688522
0.010638882953360233 -7.191155518985788 -17.944542242008286
0.012097736068299161 -7.217313101308253 -17.934808472313897
0.013480088570749067 -7.242086657891957 -17.925657320974466
0.014802949704851784 -7.265782737804654 -17.916938915121
0.016078332530042882 -7.288617821392368 -17.908552773931316
0.017315066943238765 -7.3107510053207845 -17.90042785149638
0.01851984796909325 -7.332302901034188 -17.89251185982158
0.019697879456477115 -7.35336723923382 -17.88476509495986
0.02085328877826813 -7.374018346034539 -17.877156645800156
0.021989404704516876 -7.3943161524313705 -17.869661951495953
0.02310894979692163 -7.4143096627678196 -17.862261164741792
0.024214177372530704 -7.434039423903649 -17.85493801848987
0.025306971362587135 -7.453539325457578 -17.847679019134876
0.02638892064477264 -7.4728379398550455 -17.840472858229916
0.027461375390424064 -7.491959538138881 -17.833309974537812
0.028525490471496388 -7.510924872489105 -17.82618222199745
0.02958225938195474 -7.5297517877324305 -17.81908261389135
0.0306325410891821 -7.548455705389471 -17.812005122866577
0.03167708153620867 -7.567050011282463 -17.80494452258194
0.03271653104137178 -7.585546369177571 -17.79789626084693
0.03375145851232571 -7.603954976992333 -17.790856356911195
0.03478236315822781 -7.622284777896662 -17.783821317505534
0.03580968421659561 -7.640543635619198 -17.776788067608184
0.03683380908951916 -7.658738481074831 -17.76975389289612
0.03785508019409708 -7.6768754358100155 -17.762716391558367
0.03887380076495307 -7.694959916554409 -17.755673433677398
0.03989023979614267 -7.712996724256085 -17.74862312677932
0.04090463627124318 -7.730990120283169 -17.74156378645122
0.04191720280079086 -7.7489438919405815 -17.73449391115075
0.04292812876323372 -7.76686140903597 -17.727412160507544
0.04393758302757323 -7.784745672904456 -17.720317336551243
0.04494571632167331 -7.80259935904591 -17.713208367406903
0.04595266329893662 -7.8204248543251 -17.70608429308194
0.046958544347021944 -7.838224289522281 -17.698944253035194
0.0479634671750054 -7.855999567890738 -17.691787475271575
0.048967528209493384 -7.873752390271406 -17.684613266748595
0.04997081382538633 -7.891484277228078 -17.67742100491567
0.05097340143304751 -7.909196588595458 -17.670210130235226
0.05197536044037592 -7.926890540773701 -17.66298013955786
0.05297675310558291 -7.944567222054324 -17.65573058024286
0.05397763529422109 -7.962227606221824 -17.648461044931185
0.054978057152128564 -7.979872564641283 -17.6411711668912
0.05597806370436424 -7.997502877013639 -17.633860615868556
0.05697769538886783 -8.015119240956077 -17.626529094380736
0.05797698853243854 -8.032722280544442 -17.619176334404873
0.05897597577565487 -8.050312553937038 -17.611802094413882
0.059974686452526016 -8.067890560184189 -17.604406156721783
0.06097314692995099 -8.08545674531502 -17.596988325103897
0.06197138091144536 -8.103011507781838 -17.589548422661796
0.06296940970906284 -8.12055520333286 -17.58208628990647
0.06396725248697631 -8.138088149375674 -17.57460178303633
0.06496492647978072 -8.155610628886613 -17.56709477238935
0.06596244718822916 -8.173122893914844 -17.559565141051035
0.06695982855480594 -8.190625168724457 -17.552012783601906
0.06795708312127155 -8.20811765261296 -17.544437604990097
0.06895422217007738 -8.225600522440349 -17.536839519516153
0.06995125585133934 -8.24307393489914 -17.52921844991857
0.07094819329687602 -8.260538028552425 -17.52157432654981
0.07194504272265388 -8.277992925664108 -17.513907086633655
0.07294181152083819 -8.295438733842868 -17.506216673595702
0.07393850634252068 -8.312875547519088 -17.498503036459674
0.07493513317208146 -8.330303449271955 -17.49076612930292
0.07593169739404185 -8.347722511022127 -17.4830059107653
0.07692820385317517 -8.36513279510373 -17.475222343606063
0.0779246569085625 -8.382534355228024 -17.46741539430404
0.07892106048220895 -8.399927237349774 -17.45958503269682
0.0799174181027726 -8.417311480446248 -17.45173123165511
0.08091373294490106 -8.434687117217704 -17.443853966788804
0.08191000786462005 -8.452054174717341 -17.435953216181648
0.08290624543117259 -8.469412674917859 -17.428028960151693
0.08390244795566691 -8.486762635221023 -17.420081181035037
0.08489861751685454 -8.504104068916043 -17.412109862990558
0.08589475598432735 -8.521436985591869 -17.404114991823594
0.08689086503939318 -8.538761391508098 -17.39609655482675
0.08788694619386316 -8.556077289928655 -17.388054540636112
0.08888300080696028 -8.573384681421988 -17.379988939101427
0.08987903010053785 -8.590683564131137 -17.371899741168836
0.09087503517277708 -8.607973934016744 -17.36378693877501
0.0918710170105162 -8.625255785075693 -17.355650524751496
0.09286697650034828 -8.642529109537817 -17.347490492738345
0.09386291443861075 -8.659793898042928 -17.339306837106115
0.0948588315403777 -8.677050139800082 -17.331099552885416
0.09585472844755458 -8.694297822730904 -17.322868635703266
0.096850605736165 -8.711536933598557 -17.31461408172562
0.09784646392291052 -8.728767458123794 -17.306335887605464
0.09884230347107595 -8.745989381089393 -17.298034050435927
0.09983812479584546 -8.763202686434132 -17.289708567707926
0.10083392826908853 -8.78040735733737 -17.281359437271917
0.10182971422366852 -8.797603376295138 -17.27298665730336
0.10282548295732155 -8.814790725188637 -17.2645902262715
0.10382123473614863 -8.831969385345877 -17.256170142911195
0.1048169697977595 -8.84913933759713 -17.247726406197447
0.1058126883541031 -8.866300562324865 -17.23925901532243
0.10680839059401578 -8.883453039508654 -17.230767969674712
0.10780407668551552 -8.90059674876561 -17.2222532688205
0.10879974677786734 -8.917731669386766 -17.213714912486708
0.10979540100344296 -8.934857780369823 -17.20515290054566
0.11079103947939493 -8.95197506044861 -17.19656723300126
0.11178666230916405 -8.969083488119615 -17.187957909976532
0.11278226958383634 -8.986183041665846 -17.17932493170234
0.1137778613833649 -9.003273699178306 -17.17066829850721
0.11477343777766993 -9.020355438575338 -17.161988010808145
0.11576899882762907 -9.037428237620015 -17.153284069102323
0.11676454458596909 -9.054492073935794 -17.144556473959607
0.11776007509806864 -9.07154692502062 -17.135805226015762
0.11875559040268104 -9.088592768259602 -17.127030325966356
0.11975109053258491 -9.105629580936425 -17.11823177456124
0.12074657551517014 -9.122657340243629 -17.10940957259957
0.12174204537296521 -9.139676023291855 -17.10056372092529
0.12273750012411211 -9.15668560711816 -17.09169422042309
0.12373293978279387 -9.173686068693511 -17.082801072014732
0.12472836435961941 -9.190677384929533 -17.073884276655726
0.12572377386197006 -9.207659532684557 -17.06494383533237
0.1267191682943115 -9.224632488769101 -17.05597974905903
0.12771454765847473 -9.24159622995077 -17.046992018875706
0.12870991195390866 -9.258550732958689 -17.037980645845845
0.12970526117790793 -9.275495974487473 -17.028945631054352
0.1307005953258177 -9.292431931200825 -17.0198869756058
0.1316959143912182 -9.309358579734749 -17.010804680622815
0.1326912183660906 -9.326275896700459 -17.00169874724462
0.13368650724096667 -9.343183858686988 -16.992569176625725
0.13468178100506317 -9.360082442263545 -16.983415969934732
0.13567703964640304 -9.376971623981632 -16.974239128353272
0.13667228315192434 -9.393851380376944 -16.96503865307504
0.13766751150757836 -9.410721687971085 -16.955814545304936
0.13866272469841795 -9.427582523273124 -16.94656680625826
0.13965792270867697 -9.444433862780965 -16.93729543716002
0.14065310552184174 -9.461275682982617 -16.928000439244304
0.14164827312071546 -9.47810796035731 -16.91868181375369
0.14264342548747608 -9.494930671376515 -16.909339561938737
0.14363856260372834 -9.511743792504852 -16.89997368505753
0.1446336844505507 -9.528547300200911 -16.890584184375246
0.14562879100853746 -9.545341170918004 -16.881171061163798
0.14662388225783665 -9.562125381104817 -16.871734316701477
0.14761895817818418 -9.578899907206019 -16.86227395227266
0.14861401874893448 -9.5956647256628 -16.852789969167546
0.14960906394908802 -9.612419812913359 -16.84328236868189
0.1506040937573161 -9.629165145393339 -16.833751152116804
0.15159910815198316 -9.645900699536227 -16.824196320778555
0.15259410711116675 -9.662626451773704 -16.81461787597838
0.1535890906126755 -9.679342378535976 -16.80501581903235
0.1545840586340653 -9.696048456252049 -16.795390151261202
0.15557901115265368 -9.712744661349998 -16.785740873990246
0.15657394814553294 -9.729430970257205 -16.776067988549226
0.1575688695895817 -9.746107359400561 -16.766371496272242
0.1585637754614754 -9.762773805206661 -16.756651398497645
0.15955866573769573 -9.779430284101979 -16.74690769656798
0.1605535403945389 -9.796076772513022 -16.7371403918299
0.1615483994081232 -9.812713246866466 -16.727349485634118
0.1625432427543958 -9.829339683589284 -16.717534979335344
0.16353807040913862 -9.845956059108868 -16.707696874292253
0.16453288234797372 -9.862562349853121 -16.697835171867435
0.16552767854636818 -9.879158532250559 -16.68794987342737
0.1665224589796382 -9.895744582730384 -16.678040980342395
0.16751722362295296 -9.912320477722576 -16.66810849398667
0.16851197245133803 -9.928886193657945 -16.658152415738172
0.16950670543967825 -9.94544170696821 -16.648172746978684
0.1705014225627204 -9.961986994086047 -16.638169489093766
0.17149612379507556 -9.97852203144513 -16.628142643472742
0.17249080911122108 -9.995046795480205 -16.618092211508717
0.17348547848550241 -10.0115612626271 -16.60801819459855
0.17448013189213468 -10.028065409322796 -16.59792059414286
0.175474769305204 -10.044559212005428 -16.58779941154603
0.1764693906986687 -10.061042647114345 -16.5776546482162
0.1774639960463603 -10.077515691090131 -16.567486305565275
0.17845858532198428 -10.093978320374617 -16.557294385008927
0.179453158499121 -10.110430511410934 -16.547078887966606
0.1804477155512261 -10.126872240643504 -16.536839815861548
0.1814422564516311 -10.143303484518084 -16.52657717012077
0.18243678117354367 -10.159724219481772 -16.5162909521751
0.18343128969004807 -10.176134421983035 -16.505981163459175
0.18442578197410525 -10.19253406847171 -16.49564780541146
0.18542025799855305 -10.208923135399036 -16.485290879474245
0.1864147177361062 -10.225301599217659 -16.474910387093683
0.1874091611593564 -10.241669436381635 -16.464506329719775
0.18840358824077227 -10.258026623346467 -16.454078708806417
0.18939799895269918 -10.274373136569094 -16.443627525811387
0.1903923932673592 -10.290708952507911 -16.433152782196366
0.1913867711568509 -10.307034047622775 -16.42265447942697
0.19238113259314907 -10.323348398375021 -16.412132618972755
0.19337547754810452 -10.339651981227464 -16.401587202307233
0.19436980599344383 -10.35594477264441 -16.391018230907882
0.19536411790076894 -10.372226749091663 -16.38042570625619
0.1963584132415569 -10.388497887036538 -16.36980962983764
0.19735269198715943 -10.404758162947859 -16.359170003141756
0.19834695410880268 -10.421007553295974 -16.3485068276621
0.19934119957758664 -10.437246034552757 -16.33782010489631
0.20033542836448487 -10.45347358319162 -16.327109836346104
0.201329640440344 -10.469690175687512 -16.31637602351731
0.20232383577588323 -10.485895788516933 -16.305618667919877
0.20331801434169397 -10.50209039815793 -16.2948377710679
0.20431217610823932 -10.518273981090116 -16.284033334479645
0.2053063210458535 -10.534446513794663 -16.273205359677554
0.20630044912474146 -10.55060797275432 -16.262353848188283
0.2072945603149783 -10.566758334453404 -16.25147880154271
0.20828865458650878 -10.582897575377821 -16.24058022127597
0.20928273190914673 -10.59902567201506 -16.229658108927453
0.2102767922525746 -10.615142600854202 -16.21871246604085
0.21127083558634277 -10.631248338385927 -16.207743294164164
0.21226486187986918 -10.64734286110252 -16.196750594849725
0.21325887110243855 -10.663426145497866 -16.185734369654227
0.214252863223202 -10.679498168067475 -16.17469462013873
0.21524683821117635 -10.695558905308467 -16.16363134786871
0.21624079603524357 -10.711608333719587 -16.152544554414042
0.2172347366641502 -10.727646429801212 -16.141434241349067
0.21822866006650668 -10.743673170055347 -16.130300410252588
0.21922256621078684 -10.759688530985642 -16.119143062707884
0.22021645506532725 -10.775692489097384 -16.107962200302765
0.22121032659832657 -10.791685020897518 -16.096757824629567
0.22220418077784498 -10.807666102894636 -16.08552993728518
0.22319801757180352 -10.823635711598993 -16.07427853987109
0.22419183694798345 -10.839593823522502 -16.063003633993382
0.22518563887402562 -10.855540415178755 -16.051705221262765
0.22617942331742988 -10.87147546308301 -16.04038330329461
0.22717319024555432 -10.88739894375221 -16.02903788170896
0.22816693962561474 -10.90331083370498 -16.01766895813056
0.22916067142468388 -10.919211109461639 -16.006276534188885
0.23015438560969081 -10.935099747544191 -15.994860611518153
0.2311480821474203 -10.950976724476353 -15.983421191757364
0.23214176100451206 -10.96684201678354 -15.97195827655031
0.2331354221474601 -10.982695600992876 -15.960471867545616
0.2341290655426121 -10.998537453633208 -15.948961966396746
0.23512269115616863 -11.0143675512351 -15.937428574762047
0.2361162989541825 -11.03018587033084 -15.92587169430476
0.23710988890255813 -11.04599238745445 -15.914291326693053
0.23810346096705068 -11.061787079141693 -15.90268747360005
0.23909701511326553 -11.077569921930067 -15.891060136703842
0.24009055130665743 -11.093340892358825 -15.879409317687529
0.24108406951252986 -11.109099966968968 -15.86773501823924
0.24207756969603428 -11.124847122303258 -15.856037240052153
0.2430710518221694 -11.140582334906217 -15.844315984824535
0.24406451585578046 -11.156305581324146 -15.832571254259754
0.24505796176155847 -11.172016838105112 -15.820803050066319
0.2460513895040395 -11.187716081798964 -15.809011373957896
0.24704479904760396 -11.203403288957341 -15.797196227653341
0.24803819035647573 -11.219078436133671 -15.785357612876723
0.24903156339472152 -11.234741499883182 -15.773495531357362
0.2500249181262501 -11.2503924567629 -15.76160998482984
0.25101825451481147 -11.266031283331662 -15.749700975034042
0.25201157252399614 -11.281657956150122 -15.737768503715179
0.25300487211723427 -11.29727245178075 -15.725812572623814
0.25399815325779507 -11.312874746787847 -15.713833183515899
0.2549914159087858 -11.32846481773754 -15.701830338152785
0.2559846600331511 -11.344042641197793 -15.689804038301276
0.25697788559367224 -11.35960819373842 -15.677754285733638
0.2579710925529661 -11.375161451931081 -15.665681082227632
0.25896428087348455 -11.39070239234929 -15.653584429566552
0.25995745051751373 -11.406230991568421 -15.64146432953924
0.2609506014471729 -11.421747226165717 -15.62932078394013
0.261943733624414 -11.437251072720294 -15.617153794569267
0.2629368470110203 -11.452742507813145 -15.60496336323234
0.26392994156860633 -11.468221508027153 -15.592749491740717
0.2649230172586162 -11.483688049947084 -15.580512181911466
0.2659160740423234 -11.49914211015961 -15.568251435567394
0.26690911188082966 -11.514583665253305 -15.55596725453707
0.267902130735064 -11.530012691818644 -15.543659640654862
0.2688951305657822 -11.54542916644803 -15.531328595760968
0.2698881113335655 -11.560833065735782 -15.518974121701438
0.2708810729988201 -11.576224366278147 -15.506596220328218
0.2718740155217761 -11.59160304467331 -15.494194893499174
0.2728669388624866 -11.606969077521391 -15.481770143078124
0.2738598429808269 -11.622322441424465 -15.469321970934873
0.2748527278364935 -11.637663112986559 -15.45685037894524
0.27584559338900333 -11.65299106881366 -15.4443553689911
0.2768384395976926 -11.66830628551372 -15.431836942960404
0.2778312664217162 -11.683608739696668 -15.41929510274722
0.2788240738200464 -11.698898407974411 -15.406729850251768
0.2798168617514724 -11.714175266960844 -15.394141187380441
0.28080963017459887 -11.729439293271852 -15.381529116045854
0.2818023790478454 -11.744690463525327 -15.368893638166867
0.28279510832944527 -11.759928754341162 -15.356234755668622
0.2837878179774448 -11.775154142341268 -15.343552470482576
0.28478050794970206 -11.790366604149568 -15.330846784546539
0.28577317820388615 -11.805566116392026 -15.318117699804704
0.28676582869747613 -11.820752655696626 -15.305365218207683
0.28775845938776 -11.835926198693404 -15.29258934171254
0.28875107023183383 -11.851086722014434 -15.279790072282834
0.28974366118660055 -11.866234202293859 -15.266967411888643
0.29073623220876915 -11.881368616167867 -15.25412136250661
0.29172878325485363 -11.89648994027473 -15.241251926119968
0.29272131428117193 -11.911598151254784 -15.22835910471859
0.2937138252438449 -11.926693225750459 -15.21544290029901
0.2947063160987953 -11.941775140406268 -15.202503314864469
0.29569878680174677 -11.956843871868823 -15.189540350424952
0.2966912373082229 -11.97189939678685 -15.176554008997222
0.2976836675735458 -11.98694169181117 -15.163544292604852
0.29867607755283554 -12.001970733594739 -15.150511203278278
0.29966846720100865 -12.016986498792633 -15.137454743054818
0.30066083647277736 -12.031988964062062 -15.124374913978723
0.3016531853226483 -12.046978106062383 -15.111271718101214
0.30264551370492154 -12.061953901455098 -15.098145157480511
0.30363782157368946 -12.076916326903866 -15.08499523418188
0.3046301088828356 -12.091865359074514 -15.071821950277675
0.3056223755860336 -12.106800974635037 -15.058625307847368
0.30661462163674613 -12.121723150255612 -15.04540530897759
0.3076068469882236 -12.136631862608604 -15.032161955762184
0.30859905159350315 -12.151527088368574 -15.018895250302222
0.3095912354054075 -12.166408804212281 -15.005605194706066
0.3105833983765438 -12.181276986818705 -14.992291791089398
0.31157554045930236 -12.196131612869037 -14.978955041575261
0.31256766160585564 -12.210972659046693 -14.96559494829411
0.3135597617681569 -12.225800102037333 -14.952211513383833
0.31455184089793925 -12.240613918528851 -14.93880473898982
0.31554389894671425 -12.2554140852114 -14.925374627264976
0.3165359358657707 -12.270200578777384 -14.911921180369784
0.3175279516061737 -12.28497337592148 -14.898444400472343
0.31851994611876305 -12.299732453340638 -14.884944289748407
0.3195119193541523 -12.314477787734091 -14.871420850381426
0.3205038712627274 -12.329209355803368 -14.857874084562594
0.32149580179464554 -12.343927134252294 -14.844303994490897
0.32248771089983375 -12.358631099787006 -14.830710582373143
0.32347959852798774 -12.373321229115955 -14.81709385042402
0.3244714646285707 -12.387997498949922 -14.803453800866135
0.3254633091508118 -12.40265988600202 -14.789790435930058
0.3264551320437051 -12.417308366987704 -14.776103757854367
0.32744693325600815 -12.431942918624781 -14.762393768885694
0.3284387127362408 -12.446563517633422 -14.748660471278775
0.3294304704326837 -12.461170140736161 -14.734903867296488
0.33042220629337704 -12.475762764657915 -14.721123959209907
0.3314139202661193 -12.490341366125984 -14.707320749298342
0.3324056122984658 -12.504905921870066 -14.693494239849391
0.3333972823377275 -12.519456408622261 -14.67964443315899
0.3343889303309693 -12.533992803117085 -14.665771331531447
0.335380556225009 -12.548515082091477 -14.651874937279507
0.33637215996641584 -12.563023222284807 -14.637955252724389
0.337363741501509 -12.577517200438884 -14.62401228019584
0.3383553007763562 -12.591996993297967 -14.610046022032183
0.3393468377367725 -12.606462577608777 -14.59605648058036
0.34033835232831844 -12.620913930120508 -14.582043658195996
0.3413298444962991 -12.635351027584818 -14.568007557243433
0.34232131418576234 -12.649773846755869 -14.553948180095793
0.34331276134149735 -12.664182364390307 -14.539865529135017
0.34430418590803336 -12.678576557247291 -14.52575960675193
0.34529558782963793 -12.692956402088498 -14.511630415346277
0.3462869670503157 -12.707321875678122 -14.49747795732679
0.3472783235138066 -12.721672954782905 -14.483302235111228
0.3482696571635847 -12.736009616172122 -14.46910325112644
0.3492609679428563 -12.750331836617613 -14.454881007808401
0.35025225579455876 -12.764639592893777 -14.440635507602291
0.35124352066135855 -12.778932861777589 -14.426366752962522
0.3522347624856501 -12.793211620048611 -14.412074746352815
0.35322598120955395 -12.807475844488998 -14.397759490246232
0.35421717677491527 -12.82172551188351 -14.38342098712525
0.35520834912330224 -12.835960599019526 -14.36905923948181
0.3561994981960045 -12.850181082687046 -14.354674249817364
0.35719062393403145 -12.86438693967871 -14.340266020642948
0.3581817262781107 -12.878578146789796 -14.325834554479218
0.3591728051686863 -12.892754680818252 -14.311379853856527
0.36016386054591737 -12.906916518564682 -14.296901921314966
0.36115489234967596 -12.921063636832375 -14.282400759404428
0.3621459005195458 -12.935196012427301 -14.267876370684672
0.3631368849948205 -12.949313622158137 -14.253328757725372
0.3641278457145017 -12.963416442836264 -14.238757923106178
0.36511878261729747 -12.977504451275786 -14.224163869416783
0.3661096956416206 -12.99157762429354 -14.209546599256967
0.36710058472558676 -13.005635938709101 -14.194906115236675
0.36809144980701286 -13.019679371344802 -14.180242419976068
0.36908229082341515 -13.033707899025739 -14.165555516105579
0.3700731077120075 -13.047721498579783 -14.15084540626599
0.3710639004096997 -13.06172014683759 -14.136112093108476
0.37205466885309546 -13.07570382063262 -14.121355579294686
0.37304541297849064 -13.089672496801139 -14.106575867496788
0.3740361327218716 -13.10362615218223 -14.091772960397545
0.375026828018913 -13.117564763617818 -14.076946860690368
0.37601749880497637 -13.131488307952662 -14.062097571079395
0.3770081450151077 -13.145396762034384 -14.047225094279536
0.3779987665840361 -13.15929010271347 -14.032329433016564
0.3789893634461714 -13.173168306843287 -14.017410590027152
0.37997993553560255 -13.187031351280087 -14.002468568058962
0.3809704827860955 -13.200879212883034 -13.987503369870698
0.3819610051310915 -13.2147118685142 -13.972514998232178
0.38295150250370463 -13.228529295038589 -13.957503455924407
0.38394197483672043 -13.242331469324139 -13.942468745739633
0.38493242206259337 -13.256118368241744 -13.927410870481427
0.38592284411344524 -13.269889968665257 -13.912329832964746
0.3869132409210628 -13.283646247471513 -13.897225636016001
0.38790361241689586 -13.29738718154033 -13.88209828247314
0.38889395853205533 -13.311112747754526 -13.866947775185697
0.389884279197311 -13.32482292299994 -13.851774117014884
0.39087457434308936 -13.338517684165431 -13.836577310833652
0.39186484389947174 -13.352197008142898 -13.821357359526768
0.39285508779619194 -13.365860871827294 -13.806114265990882
0.39384530596263423 -13.379509252116636 -13.790848033134605
0.39483549832783116 -13.393142125912016 -13.775558663878583
0.3958256648204613 -13.40675947011762 -13.760246161155571
0.39681580536884703 -13.420361261640737 -13.74491052791051
0.39780591990095254 -13.433947477391776 -13.729551767100597
0.39879600834438134 -13.44751809428427 -13.714169881695367
0.39978607062637417 -13.461073089234901 -13.698764874676769
0.40077610667380664 -13.474612439163511 -13.68333674903924
0.401766116413187 -13.488136120993106 -13.667885507789787
0.40275609977065374 -13.501644111649883 -13.652411153948064
0.40374605667197344 -13.515136388063233 -13.636913690546452
0.40473598704253827 -13.528612927165767 -13.621393120630138
0.4057258908073637 -13.542073705893312 -13.605849447257198
0.4067157678910861 -13.555518701184942 -13.590282673498672
0.40770561821796025 -13.568947889982987 -13.574692802438653
0.4086954417118572 -13.582361249233038 -13.55907983717437
0.40968523829626147 -13.595758755883978 -13.543443780816256
0.41067500789426886 -13.609140386887983 -13.527784636488057
0.41166475042858386 -13.62250611920054 -13.512102407326893
0.41265446582151716 -13.635855929780465 -13.496397096483358
0.41364415399498317 -13.649189795589917 -13.480668707121596
0.4146338148704974 -13.662507693594407 -13.464917242419396
0.4156234483691739 -13.675809600762815 -13.449142705568272
0.4166130544117229 -13.689095494067413 -13.433345099773556
0.41760263291844796 -13.70236535048387 -13.417524428254481
0.41859218380924335 -13.715619146991273 -13.401680694244272
0.41958170700359154 -13.72885686057214 -13.385813900990243
0.4205712024205605 -13.742078468212434 -13.369924051753879
0.421560669978801 -13.755283946901582 -13.354011149810924
0.4225501095965438 -13.768473273632488 -13.338075198451488
0.4235395211915971 -13.78164642540155 -13.322116200980123
0.42452890468134363 -13.794803379208675 -13.30613416071593
0.42551825998273796 -13.807944112057292 -13.290129080992642
0.4265075870123036 -13.821068600954378 -13.274100965158729
0.42749688568613037 -13.83417682291046 -13.258049816577486
0.42848615591987127 -13.84726875493964 -13.241975638627132
0.42947539762873993 -13.860344374059611 -13.225878434700913
0.43046461072750747 -13.873403657291677 -13.20975820820719
0.43145379513049964 -13.886446581660753 -13.19361496256954
0.43244295075159395 -13.899473124195403 -13.177448701226869
0.4334320775042166 -13.91248326192784 -13.16125942763349
0.4344211753013395 -13.925476971893955 -13.145047145259246
0.43541024405547746 -13.938454231133328 -13.128811857589596
0.43639928367868475 -13.951415016689243 -13.11255356812573
0.4373882940825524 -13.964359305608706 -13.096272280384662
0.43837727517820496 -13.977287074942476 -13.079967997899342
0.43936622687629723 -13.990198301745055 -13.063640724218759
0.4403551490870114 -14.003092963074732 -13.04729046290805
0.4413440417200537 -14.015971035993587 -13.030917217548604
0.44233290468465114 -14.028832497567508 -13.014520991738166
0.4433217378895485 -14.041677324866221 -12.998101789090965
0.44431054124300484 -14.054505494963289 -12.981659613237795
0.4452993146527904 -14.067316984936149 -12.965194467826148
0.4462880580261831 -14.08011177186612 -12.94870635652032
0.44727677126996535 -14.09288983283842 -12.93219528300152
0.4482654542904207 -14.105651144942193 -12.91566125096799
0.4492541069933303 -14.118395685270519 -12.899104264135108
0.4502427292839695 -14.13112343092044 -12.882524326235522
0.45123132106710456 -14.143834358992969 -12.865921441019248
0.45221988224698895 -14.156528446593118 -12.8492956122538
0.4532084127273599 -14.169205670829921 -12.8326468437243
0.454196912411435 -14.181866008816439 -12.815975139233604
0.4551853812019083 -14.194509437669788 -12.799280502602421
0.4561738190009471 -14.207135934511161 -12.78256293766943
0.457162225710188 -14.219745476465842 -12.765822448291411
0.45815060123073326 -14.23233804066323 -12.749059038343358
0.45913894546314726 -14.244913604236856 -12.732272711718611
0.46012725830745266 -14.257472144324403 -12.715463472328985
0.4611155396631266 -14.270013638067734 -12.698631324104884
0.46210378942909686 -14.282538062612899 -12.681776270995442
0.46309200750373825 -14.295045395110165 -12.664898316968646
0.4640801937848684 -14.307535612714034 -12.647997466011462
0.46506834816974424 -14.320008692583265 -12.631073722129978
0.4660564705550576 -14.332464611880896 -12.614127089349521
0.46704456083693174 -14.344903347774258 -12.597157571714806
0.46803261891091685 -14.357324877435008 -12.58016517329006
0.46902064467198645 -14.369729178039139 -12.56314989815916
0.47000863801453296 -14.382116226767007 -12.546111750425773
0.4709965988323637 -14.394486000803358 -12.529050734213486
0.4719845270186969 -14.406838477337333 -12.511966853665962
0.4729724224661572 -14.419173633562515 -12.494860112947062
0.47396028506677174 -14.431491446676926 -12.477730516240996
0.4749481147119656 -14.443791893883066 -12.460578067752463
0.4759359112925576 -14.456074952387933 -12.443402771706802
0.4769236746987561 -14.468340599403035 -12.426204632350128
0.47791140482015443 -14.480588812144433 -12.408983653949484
0.47889910154572657 -14.492819567832736 -12.391739840792992
0.4798867647638226 -14.505032843693154 -12.37447319718999
0.4808743943621642 -14.5172286169555 -12.357183727471204
0.48186199022784026 -14.529406864854224 -12.339871435988876
0.4828495522473021 -14.541567564628433 -12.322536327116936
0.4838370803063588 -14.553710693521918 -12.305178405251146
0.4848245742901729 -14.565836228783166 -12.287797674809264
0.48581203408325524 -14.577944147665411 -12.270394140231193
0.48679945956946047 -14.590034427426623 -12.25296780597915
0.4877868506319821 -14.602107045329562 -12.235518676537811
0.48877420715334785 -14.61416197864179 -12.218046756414495
0.4897615290154144 -14.62619920463569 -12.200552050139308
0.490748816099363 -14.63821870058851 -12.183034562265314
0.4917360682856939 -14.65022044378237 -12.165494297368705
0.49272328545422167 -14.662204411504298 -12.147931260048965
0.49371046748407016 -14.674170581046246 -12.13034545492904
0.49469761425366715 -14.68611892970513 -12.11273688665551
0.49568472564073934 -14.698049434782838 -12.095105559898757
0.4966718015223071 -14.709962073586277 -12.077451479353144
0.49765884177467923 -14.721856823427386 -12.05977464973719
0.49864584627344755 -14.733733661623155 -12.042075075793742
0.4996328148934816 -14.745592565495679 -12.024352762290162
0.5006197475089232 -14.757433512372158 -12.006607714018502
0.5016066439931811 -14.769256479584934 -11.988839935795683
0.5025935042189252 -14.781061444471524 -11.97104943246369
0.5035803280580813 -14.792848384374638 -11.953236208889743
0.5045671153818251 -14.804617276642213 -11.935400269966495
0.505553866060577 -14.816368098627446 -11.917541620612218
0.5065405799639959 -14.828100827688807 -11.899660265770988
0.5075272569609738 -14.839815441190083 -11.881756210412888
0.5085138969196296 -14.851511916500394 -11.863829459534195
0.5095004997073034 -14.863190230994231 -11.84588001815757
0.5104870651905505 -14.87485036205149 -11.827907891332277
0.5114735932351357 -14.886492287057482 -11.809913084134362
0.5124600837060266 -14.898115983402977 -11.791895601666852
0.5134465364673879 -14.90972142848424 -11.773855449059987
0.5144329513825752 -14.921308599703044 -11.755792631471392
0.5154193283141286 -14.93287747446671 -11.737707154086305
0.5164056671237666 -14.94442803018814 -11.719599022117778
0.5173919676723794 -14.95596024428584 -11.701468240806893
0.5183782298200228 -14.967474094183956 -11.683314815422966
0.5193644534259116 -14.978969557312308 -11.665138751263779
0.5203506383484131 -14.990446611106414 -11.64694005365578
0.5213367844450402 -15.001905233007527 -11.62871872795431
0.5223228915724449 -15.013345400462665 -11.610474779543829
0.5233089595864119 -15.024767090924648 -11.592208213838129
0.524294988341851 -15.03617028185212 -11.573919036280575
0.5252809776927909 -15.047554950709594 -11.555607252344315
0.5262669274923721 -15.05892107496748 -11.537272867532522
0.5272528375928396 -15.070268632102106 -11.518915887378627
0.5282387078455361 -15.081597599595781 -11.500536317446548
0.5292245381008946 -15.092907954936802 -11.482134163330924
0.5302103282084315 -15.104199675619494 -11.463709430657369
0.531196078016739 -15.115472739144256 -11.4452621250827
0.5321817873734775 -15.126727123017577 -11.426792252295181
0.5331674561253691 -15.13796280475209 -11.408299818014783
0.534153084118189 -15.149179761866595 -11.389784827993417
0.5351386711967582 -15.160377971886101 -11.371247288015189
0.5361242172049363 -15.17155741234185 -11.352687203896666
0.5371097219856134 -15.182718060771373 -11.334104581487114
0.5380951853807018 -15.193859894718509 -11.315499426668765
0.5390806072311289 -15.204982891733444 -11.296871745357087
0.540065987376829 -15.216087029372762 -11.278221543501035
0.5410513256567345 -15.227172285199462 -11.259548827083314
0.5420366219087689 -15.238238636783013 -11.240853602120675
0.5430218759698376 -15.249286061699378 -11.22213587466415
0.5440070876758201 -15.260314537531064 -11.203395650799354
0.5449922568615613 -15.271324041867153 -11.18463293664675
0.5459773833608632 -15.282314552303346 -11.165847738361936
0.5469624670064762 -15.293286046441986 -11.147040062135922
0.5479475076300906 -15.304238501892131 -11.128209914195416
0.5489325050623274 -15.315171896269558 -11.109357300803119
0.54991745913273 -15.32608620719682 -11.090482228258011
0.550902369669755 -15.336981412303293 -11.071584702895645
0.551887236500763 -15.3478574892252 -11.052664731088452
0.5528720594520097 -15.358714415605666 -11.033722319246033
0.5538568383486365 -15.369552169094751 -11.014757473815465
0.5548415730146614 -15.380370727349495 -10.995770201281609
0.5558262632729694 -15.391170068033965 -10.976760508167425
0.5568109089453027 -15.401950168819281 -10.957728401034277
0.557795509852252 -15.412711007383686 -10.938673886482253
0.5587800658132457 -15.423452561412565 -10.919596971150483
0.5597645766465406 -15.434174808598495 -10.900497661717463
0.560749042169212 -15.444877726641296 -10.881375964901387
0.5617334621971435 -15.455561293248072 -10.862231887460466
0.562717836545017 -15.46622548613325 -10.843065436193264
0.5637021650263021 -15.47687028301863 -10.823876617939046
0.5646864474532464 -15.487495661633433 -10.804665439578104
0.5656706836368642 -15.498101599714344 -10.785431908032105
0.5666548733869269 -15.508688075005553 -10.766176030264447
0.5676390165119511 -15.519255065258811 -10.74689781328059
0.5686231128191889 -15.529802548233475 -10.72759726412843
0.5696071621146162 -15.540330501696547 -10.708274389898659
0.5705911642029221 -15.550838903422733 -10.688929197725104
0.5715751188874976 -15.561327731194487 -10.669561694785116
0.5725590259704241 -15.571796962802056 -10.650171888299932
0.5735428852524624 -15.582246576043534 -10.630759785535048
0.5745266965330409 -15.592676548724913 -10.611325393800595
0.5755104596102437 -15.603086858660129 -10.591868720451728
0.5764941742807994 -15.613477483671108 -10.57238977288901
0.5774778403400688 -15.62384840158783 -10.552888558558795
0.5784614575820326 -15.63419959024837 -10.533365084953626
0.5794450257992798 -15.64453102749895 -10.513819359612647
0.5804285447829951 -15.654842691193998 -10.494251390121985
0.5814120143229463 -15.665134559196199 -10.474661184115165
0.5823954342074719 -15.675406609376536 -10.45504874927353
0.5833788042234682 -15.685658819614362 -10.435414093326653
0.5843621241563768 -15.695891167797445 -10.415757224052747
0.5853453937901709 -15.706103631822023 -10.396078149279106
0.586328612907343 -15.716296189592857 -10.376376876882532
0.5873117812888907 -15.726468819023294 -10.356653414789758
0.588294898714304 -15.736621498035312 -10.336907770977898
0.5892779649615509 -15.746754204559588 -10.317139953474898
0.5902609798070646 -15.756866916535548 -10.297349970359972
0.5912439430257287 -15.76695961191143 -10.27753782976406
0.5922268543908635 -15.777032268644334 -10.257703539870294
0.5932097136742119 -15.78708486470029 -10.237847108914455
0.5941925206459246 -15.797117378054311 -10.217968545185443
0.5951752750745458 -15.807129786690457 -10.198067857025762
0.5961579767269984 -15.817122068601893 -10.17814505283199
0.5971406253685692 -15.827094201790946 -10.158200141055268
0.5981232207628934 -15.837046164269177 -10.138233130201794
0.5991057626719399 -15.84697793405743 -10.118244028833317
0.6000882508559959 -15.85688948918591 -10.098232845567638
0.6010706850736506 -15.866780807694232 -10.07819958907912
0.6020530650817798 -15.876651867631491 -10.058144268099205
0.6030353906355304 -15.886502647056325 -10.038066891416932
0.6040176614883034 -15.896333124036984 -10.017967467879458
0.6049998773917382 -15.906143276651392 -9.997846006392596
0.6059820380956957 -15.915933082987209 -9.97770251592135
0.6069641433482419 -15.925702521141911 -9.957537005490467
0.6079461928956305 -15.935451569222842 -9.937349484184967
0.6089281864822861 -15.945180205347292 -9.917139961150724
0.609910123850787 -15.954888407642562 -9.896908445595015
0.6108920047418473 -15.96457615424604 -9.87665494678709
0.6118738288942994 -15.974243423305252 -9.856379474058757
0.6128555960450759 -15.983890192977963 -9.836082036804958
0.6138373059291916 -15.993516441432224 -9.815762644484362
0.614818958279725 -16.00312214684645 -9.795421306619954
0.6158005528277997 -16.012707287409494 -9.775058032799656
0.6167820893025655 -16.02227184132073 -9.754672832676917
0.6177635674311795 -16.03181578679011 -9.734265715971352
0.618744986938787 -16.04133910203825 -9.713836692469352
0.6197263475485012 -16.050841765296507 -9.693385772024723
0.6207076489813844 -16.060323754807047 -9.672912964559323
0.6216888909564274 -16.069785048822926 -9.652418280063724
0.6226700731905296 -16.079225625608174 -9.631901728597843
0.623651195398478 -16.08864546343787 -9.611363320291629
0.6246322572929272 -16.09804454059821 -9.590803065345725
0.6256132585843777 -16.1074228353866 -9.570220974032146
0.6265941989811552 -16.116780326111748 -9.549617056694974
0.6275750781893888 -16.126116991093717 -9.528991323751042
0.6285558959129893 -16.135432808664028 -9.508343785690656
0.6295366518536271 -16.14472775716574 -9.487674453078297
0.6305173457107097 -16.15400181495353 -9.466983336553339
0.6314979771813598 -16.163254960393783 -9.446270446830798
0.6324785459603915 -16.172487171864677 -9.42553579470205
0.6334590517402879 -16.181698427756267 -9.404779391035596
0.6344394942111771 -16.190888706470577 -9.384001246777814
0.6354198730608086 -16.200057986421683 -9.363201372953727
0.6364001879745295 -16.20920624603581 -9.34237978066778
0.6373804386352598 -16.218333463751414 -9.321536481104626
0.6383606247234682 -16.227439618019282 -9.300671485529927
0.6393407459171465 -16.236524687302627 -9.27978480529115
0.6403208018917848 -16.245588650077153 -9.258876451818402
0.6413007923203455 -16.254631484831197 -9.237946436625233
0.642280716873238 -16.26365317006578 -9.21699477130949
0.6432605752182914 -16.27265368429473 -9.196021467554168
0.6442403670207291 -16.28163300604477 -9.175026537128247
0.6452200919431407 -16.290591113855612 -9.15400999188758
0.6461997496454556 -16.29952798628007 -9.132971843775778
0.6471793397849147 -16.308443601884143 -9.111912104825073
0.6481588620160429 -16.317337939247125 -9.090830787157255
0.6491383159906202 -16.326210976961715 -9.069727902984562
0.6501177013576535 -16.335062693634107 -9.048603464610618
0.6510970177633468 -16.343893067884096 -9.02745748443137
0.6520762648510726 -16.352702078345203 -9.006289974936031
0.653055442261341 -16.361489703664752 -8.98510094870805
0.6540345496317703 -16.370255922504 -8.963890418426086
0.6550135865970556 -16.379000713538233 -8.942658396864987
0.6559925527889381 -16.38772405545689 -8.921404896896806
0.6569714478361736 -16.396425926963666 -8.900129931491799
0.6579502713645002 -16.405106306776613 -8.87883351371946
0.6589290229966066 -16.41376517362828 -8.857515656749564
0.6599077023520986 -16.422402506265815 -8.83617637385321
0.6608863090474664 -16.431018283451067 -8.814815678403896
0.6618648426960505 -16.43961248396073 -8.793433583878603
0.6628433029080081 -16.44818508658645 -8.772030103858885
0.6638216892902778 -16.456736070134923 -8.750605252031985
0.6648000014465454 -16.46526541342807 -8.729159042191956
0.6657782389772074 -16.473773095303105 -8.707691488240807
0.666756401479336 -16.48225909461269 -8.686202604189656
0.6677344885466416 -16.49072339022505 -8.6646924041599
0.6687124997694366 -16.499165961024104 -8.643160902384409
0.6696904347345972 -16.507586785909588 -8.621608113208715
0.670668293025526 -16.5159858437972 -8.600034051092251
0.671646074222113 -16.524363113618705 -8.578438730609571
0.6726237779006965 -16.532718574322097 -8.55682216645161
0.6736014036340239 -16.541052204871704 -8.535184373426954
0.6745789509912108 -16.54936398424835 -8.513525366463131
0.675556419537701 -16.55765389144948 -8.491845160607905
0.6765338088352244 -16.565921905489297 -8.470143771030616
0.6775111184417559 -16.574168005398903 -8.448421213023503
0.6784883479114724 -16.582392170226445 -8.426677502003075
0.6794654967947096 -16.59059437903726 -8.404912653511495
0.6804425646379186 -16.598774610914017 -8.383126683217965
0.6814195509836218 -16.60693284495686 -8.361319606920151
0.6823964553703672 -16.615069060283563 -8.339491440545618
0.6833732773326833 -16.62318323602968 -8.317642200153298
0.6843500164010329 -16.63127535134869 -8.295771901934952
0.685326672101766 -16.639345385412163 -8.273880562216675
0.6863032439570722 -16.647393317409907 -8.251968197460426
0.6872797314849326 -16.655419126550125 -8.230034824265559
0.6882561341990707 -16.663422792059578 -8.208080459370391
0.6892324516089027 -16.671404293183745 -8.186105119653785
0.6902086832194869 -16.679363609186986 -8.164108822136765
0.6911848285314731 -16.687300719352706 -8.142091583984142
0.6921608870410503 -16.69521560298353 -8.120053422506178
0.6931368582398939 -16.70310823940146 -8.097994355160257
0.6941127416151128 -16.710978607948043 -8.075914399552587
0.6950885366491947 -16.718826687984567 -8.053813573439943
0.6960642428199512 -16.726652458892218 -8.031691894731406
0.697039859600462 -16.734455900072255 -8.00954938149015
0.6980153864590184 -16.742236990946203 -7.987386051935246
0.6989908228590656 -16.749995710956018 -7.965201924443496
0.699966168259144 -16.75773203956429 -7.942997017551285
0.7009414221128308 -16.765445956254403 -7.920771349956475
0.701916583868679 -16.77313744053076 -7.898524940520321
0.7028916529701567 -16.780806471918943 -7.876257808269411
0.7038666288555852 -16.788453029965908 -7.85396997239763
0.7048415109580759 -16.7960770942402 -7.831661452268175
0.7058162987054666 -16.80367864433213 -7.809332267415584
0.7067909915202564 -16.811257659853993 -7.786982437547788
0.70776558881954 -16.81881412044026 -7.764611982548217
0.7087400900149409 -16.826348005747775 -7.742220922477918
0.7097144945125433 -16.83385929545598 -7.719809277577717
0.7106888017128234 -16.84134796926713 -7.697377068270402
0.7116630110105793 -16.848814006906473 -7.6749243151629525
0.7126371217948595 -16.856257388122508 -7.652451039048799
0.7136111334488914 -16.863678092687167 -7.629957260910107
0.7145850453500072 -16.871076100396063 -7.607443001920114
0.7155588568695702 -16.878451391068698 -7.584908283445495
0.7165325673728985 -16.885803944548698 -7.562353127048745
0.7175061762191882 -16.893133740704037 -7.539777554490641
0.7184796827614357 -16.90044075942728 -7.517181587732701
0.719453086346358 -16.907724980635813 -7.494565248939706
0.7204263863143121 -16.914986384272076 -7.471928560482253
0.7213995819992134 -16.922224950303807 -7.449271544939345
0.7223726727284523 -16.929440658724307 -7.4265942251010415
0.7233456578228098 -16.936633489552655 -7.403896623971114
0.7243185365963714 -16.943803422833987 -7.381178764769778
0.7252913083564397 -16.95095043863974 -7.358440670936464
0.7262639724034465 -16.958074517067914 -7.335682366132609
0.7272365280308615 -16.965175638243327 -7.312903874244512
0.7282089745251014 -16.97225378231789 -7.290105219386247
0.7291813111654366 -16.979308929470868 -7.267286425902595
0.7301535372238965 -16.986341059909154 -7.244447518372038
0.7311256519651734 -16.993350153867553 -7.221588521609803
0.7320976546465244 -17.00033619160906 -7.198709460670962
0.7330695445176723 -17.00729915342512 -7.1758103608535535
0.7340413208207041 -17.01423901963596 -7.152891247701797
0.7350129827899686 -17.02115577059084 -7.12995214700933
0.7359845296519719 -17.028049386668375 -7.106993084822509
0.7369559606252706 -17.034919848276814 -7.084014087443757
0.7379272749203641 -17.041767135854357 -7.061015181434993
0.738898471739585 -17.048591229869473 -7.0379963936210785
0.7398695502769866 -17.055392110821174 -7.014957751093359
0.7408405097182299 -17.06216975923938 -6.991899281213234
0.7418113492404675 -17.06892415568521 -6.96882101161582
0.7427820680122266 -17.075655280751306 -6.945722970213641
0.7437526651932884 -17.082363115062176 -6.9226051852004
0.7447231399345676 -17.089047639274526 -6.899467685054834
0.7456934913779876 -17.0957088340776 -6.876310498544576
0.7466637186563551 -17.102346680193513 -6.85313365473016
0.7476338208932316 -17.108961158377618 -6.829937182969031
0.7486037972028036 -17.115552249418844 -6.806721112919657
0.749573646689749 -17.122119934140066 -6.783485474545703
0.750543368449103 -17.12866419339847 -6.760230298120282
0.75151296156612 -17.13518500808591 -6.73695561423027
0.7524824251161342 -17.14168235912929 -6.713661453780713
0.7534517581644169 -17.148156227490958 -6.690347847999293
0.7544209597660321 -17.154606594169074 -6.667014828440887
0.7553900289656883 -17.16103344019801 -6.643662426992195
0.756358964797589 -17.16743674664874 -6.620290675876468
0.7573277662852798 -17.17381649462925 -6.596899607658299
0.7582964324414921 -17.180172665284957 -6.573489255248507
0.7592649622679858 -17.186505239799107 -6.5500596519091125
0.7602333547553868 -17.192814199393197 -6.526610831258413
0.7612016088830235 -17.199099525327423 -6.503142827276122
0.7621697236187592 -17.205361198901095 -6.479655674308617
0.7631376979188218 -17.211599201453076 -6.456149407074294
0.7641055307276301 -17.217813514362263 -6.432624060669003
0.7650732209776172 -17.22400411904799 -6.409079670571579
0.7660407675890503 -17.23017099697053 -6.385516272649507
0.7670081694698473 -17.236314129631552 -6.361933903164644
0.7679754255153902 -17.242433498574584 -6.338332598779084
0.7689425346083343 -17.24852908538552 -6.314712396561124
0.7699094956184143 -17.254600871693086 -6.2910733339913225
0.7708763074022469 -17.260648839169363 -6.267415448968702
0.7718429688031291 -17.266672969530266 -6.243738779817038
0.7728094786508329 -17.272673244536083 -6.220043365291289
0.7737758357613965 -17.27864964599198 -6.196329244584135
0.7747420389369103 -17.28460215574854 -6.172596457332649
0.7757080869653 -17.290530755702303 -6.148845043625087
0.7766739786201053 -17.296435427796304 -6.125075044007815
0.7776397126602533 -17.302316154020637 -6.101286499492362
0.7786052878298286 -17.308172916413017 -6.077479451562624
0.7795707028578385 -17.314005697059365 -6.053653942182184
0.7805359564579732 -17.319814478094365 -6.0298100138017965
0.7815010473283622 -17.325599241702086 -6.005947709367003
0.7824659741513246 -17.33135997011657 -5.982067072325901
0.7834307355931154 -17.337096645622445 -5.958168146637076
0.7843953303036666 -17.34280925055555 -5.934250976777669
0.7853597569163226 -17.34849776730357 -5.91031560775162
0.786324014047571 -17.354162178306666 -5.88636208509808
0.787288100296767 -17.359802466058156 -5.862390454899957
0.7882520142458532 -17.365418613105156 -5.838400763792691
0.7892157544590732 -17.37101060204926 -5.814393058973142
0.7901793194826793 -17.37657841554723 -5.790367388208711
0.7911427078446343 -17.382122036311706 -5.766323799846603
0.792105918054307 -17.3876414471119 -5.742262342823311
0.7930689486021619 -17.393136630774332 -5.718183066674282
0.794031797959442 -17.39860757018355 -5.6940860215437645
0.7949944645778446 -17.4040542482829 -5.669971258194899
0.7959569468891914 -17.40947664807527 -5.645838828019967
0.7969192433050906 -17.414874752623863 -5.621688783050896
0.7978813522165925 -17.420248545053 -5.597521175969959
0.7988432719938378 -17.425598008548913 -5.573336060120708
0.7998050009856976 -17.430923126360554 -5.549133489519125
0.8007665375194072 -17.436223881800434 -5.5249135188650325
0.8017278799001902 -17.44150025824547 -5.500676203553715
0.8026890264108765 -17.446752239137826 -5.4764215996878125
0.80364997531151 -17.451979807985822 -5.452149764089452
0.8046107248389492 -17.457182948364782 -5.427860754312654
0.805571273206459 -17.462361643917983 -5.403554628655993
0.8065316186032928 -17.467515878357545 -5.37923144617554
0.8074917591942656 -17.472645635465387 -5.3548912666980755
0.8084516931193186 -17.477750899094183 -5.330534150834607
0.809411418493073 -17.48283165316834 -5.306160159994173
0.8103709334043739 -17.487887881684976 -5.281769356397941
0.8113302359158254 -17.492919568714946 -5.257361803093641
0.8122893240633132 -17.497926698403862 -5.2329375639702995
0.8132481958555182 -17.502909254973154 -5.20849670377331
0.814206849273418 -17.507867222721124 -5.184039288119827
0.8151652822697775 -17.512800586024042 -5.1595653835145345
0.8161234927686276 -17.51770932933726 -5.135075057365743
0.8170814786647324 -17.52259343719633 -5.110568378001865
0.8180392378230434 -17.52745289421817 -5.086045414688261
0.818996768078142 -17.532287685102222 -5.061506237644469
0.819954067233668 -17.53709779463167 -5.036950918061844
0.8209111330617355 -17.541883207674633 -5.012379528121578
0.8218679633023346 -17.54664390918544 -4.987792141013159
0.8228245556627197 -17.551379884205865 -4.963188830953262
0.8237809078167825 -17.55609111786644 -4.9385696732050555
0.8247370174044103 -17.560777595387776 -4.913934744097999
0.8256928820308297 -17.565439302081895 -4.8892841210480675
0.8266484992659332 -17.5700762233536 -4.864617882578489
0.8276038666435911 -17.574688344701887 -4.839936108340964
0.8285589816609454 -17.57927565172136 -4.815238879137379
0.8295138417776874 -17.583838130103686 -4.790526276942053
0.830468444415317 -17.588375765639096 -4.765798384924539
0.8314227869563847 -17.592888544217875 -4.741055287472941
0.8323768667437139 -17.597376451831924 -4.716297070217829
0.8333306810796044 -17.601839474576337 -4.691523820056727
0.8342842272250164 -17.606277598651005 -4.666735625179205
0.8352375023987333 -17.610690810362264 -4.641932575092589
0.8361905037765044 -17.615079096124582 -4.617114760648313
0.8371432284901649 -17.61944244246225 -4.592282274068921
0.8380956736267344 -17.623780836011157 -4.567435208975773
0.8390478362274925 -17.628094263520552 -4.542573660417396
0.8399997132870295 -17.63238271185489 -4.517697724898602
0.8409513017522744 -17.63664616799569 -4.492807500410322
0.8419025985214965 -17.640884619043426 -4.467903086460215
0.8428536004432814 -17.64509805221949 -4.4429845841040425
0.8438043043154804 -17.649286454868164 -4.418052095977881
0.8447547068841322 -17.65344981445867 -4.393105726331136
0.8457048048423566 -17.657588118587224 -4.368145581060453
0.8466545948292175 -17.661701354979165 -4.343171767744479
0.8476040734285576 -17.66578951149113 -4.31818439567958
0.8485532371678004 -17.669852576113264 -4.29318357591645
0.8495020825167205 -17.67389053697148 -4.26816942129776
0.8504506058861809 -17.677903382329795 -4.243142046496736
0.8513988036268352 -17.681891100592686 -4.218101568056847
0.8523466720277952 -17.685853680307506 -4.193048104432513
0.8532942073152617 -17.689791110166983 -4.167981776030933
0.8542414056511172 -17.693703379011744 -4.142902705255061
0.8551882631314794 -17.697590475832904 -4.117811016547739
0.8561347757852158 -17.701452389774744 -4.092706836437085
0.8570809395724144 -17.705289110137407 -4.067590293583084
0.8580267503828132 -17.709100626379687 -4.042461518825522
0.8589722040341844 -17.712886928121875 -4.017320645233237
0.8599172962706729 -17.71664800514867 -3.9921678081547594
0.8608620227610869 -17.720383847412172 -3.9670031452703913
0.8618063790971396 -17.724094445034947 -3.9418267966457563
0.86275036079164 -17.72777978831312 -3.9166389047868897
0.8636939632766308 -17.731439867719622 -3.8914396146968997
0.8646371819014725 -17.73507467390746 -3.866229073934285
0.8655800119308706 -17.73868419771307 -3.8410074326729244
0.8665224485428447 -17.742268430159786 -3.8157748437638226
0.8674644868266368 -17.745827362461362 -3.7905314627986897
0.8684061217805584 -17.749360986025597 -3.7652774481753752
0.8693473483097713 -17.75286929245805 -3.740012961165249
0.8702881612240024 -17.756352273565852 -3.7147381659826024
0.8712285552351885 -17.759809921361608 -3.689453229856124
0.8721685249550496 -17.76324222806739 -3.6641583231025425
0.8731080648925874 -17.76664918611887 -3.6388536192025
0.8740471694515065 -17.770030788169507 -3.613539294878734
0.8749858329275555 -17.7733870270949 -3.588215530176674
0.8759240495057848 -17.77671789599719 -3.5628825085475313
0.876861813257719 -17.78002338820966 -3.5375404169339397
0.8777991181384384 -17.78330349730136 -3.512189445858308
0.8787359579835696 -17.786558217081954 -3.486829789513928
0.8796723265061782 -17.789787541606607 -3.461461645858959
0.8806082172935624 -17.792991465181085 -3.4360852167134244
0.8815436238039429 -17.796169982366926 -3.4107007078592737
0.8824785393630443 -17.7993230879868 -3.3853083291436903
0.8834129571605656 -17.80245077712999 -3.359908294585747
0.8843468702465334 -17.80555304515803 -3.334500822486504
0.8852802715275354 -17.808629887710516 -3.3090861355427332
0.8862131537628274 -17.811681300711044 -3.2836644609643866
0.8871455095603098 -17.81470728037337 -3.258236030595956
0.888077331372369 -17.817707823207684 -3.232801081041881
0.8890086114915771 -17.820682926027107 -3.2073598537961647
0.8899393420462445 -17.823632585954364 -3.1819125953763567
0.8908695149958205 -17.826556800428637 -3.156459557462103
0.8917991221261338 -17.82945556721263 -3.1310009970384165
0.8927281550444681 -17.832328884399843 -3.1055371765438835
0.8936566051744654 -17.835176750422043 -3.080068364023992
0.8945844637508487 -17.837999164056995 -3.0545948332898014
0.8955117218139583 -17.840796124436373 -3.0291168640821873
0.8964383702040937 -17.843567631053947 -3.0036347422418466
0.8973643995556508 -17.846313683774014 -2.9781487598853786
0.8982898002910485 -17.84903428284006 -2.952659215587609
0.8992145626144337 -17.851729428883715 -2.927166414570525
0.9001386765051558 -17.85439912293399 -2.9016706688989924
0.9010621317110011 -17.857043366426772 -2.876172297683624
0.9019849177411761 -17.85966216121463 -2.85067162729111
0.902907023859028 -17.86225550957694 -2.82516899156227
0.9038284390744933 -17.864823414230337 -2.7996647320382237
0.9047491521362586 -17.86736587833946 -2.7741591981950187
0.9056691515236246 -17.8698829055281 -2.748652747687103
0.9065884254380567 -17.872374499890668 -2.723145746599986
0.9075069617944106 -17.874840666004047 -2.6976385697125984
0.9084247482118158 -17.877281408939858 -2.6721316007696743
0.9093417720042034 -17.879696734277093 -2.646625232764693
0.9102580201704594 -17.882086648115198 -2.6211198682338424
0.9111734793841889 -17.884451157087586 -2.5956159195615083
0.91208813598307 -17.886790268375616 -2.5701138092977978
0.9130019759577805 -17.889103989723022 -2.544613970488726
0.9139149849404756 -17.891392329450884 -2.5191168470195784
0.9148271481927958 -17.893655296473067 -2.49362289397215
0.9157384505933818 -17.895892900312223 -2.468132577996464
0.9166488766248742 -17.898105151116376 -2.4426463776976988
0.9175584103603699 -17.900292059676033 -2.4171647840390307
0.9184670354493119 -17.902453637441987 -2.391688300761192
0.9193747351027816 -17.904589896543655 -2.366217444819558
0.920281492078166 -17.906700849808203 -2.3407527468395948
0.9211872886631676 -17.908786510780253 -2.315294751591619
0.9220921066591229 -17.910846893742388 -2.2898440184858195
0.922995927363597 -17.912882013736375 -2.264401122088552
0.9238987315522147 -17.91489188658521 -2.238966652660981
0.9248004994596896 -17.91687652891597 -2.2135412167212163
0.9257012107600106 -17.91883595818352 -2.1881254376311663
0.9266008445457409 -17.920770192695162 -2.1627199562093438
0.927499379306383 -17.92267925163619 -2.137325431370993
0.9283967929057605 -17.924563155096465 -2.1119425407969903
0.9292930625583637 -17.926421924097994 -2.0865719816330177
0.9301881648046058 -17.92825558062364 -2.061214471220584
0.9310820754849267 -17.93006414764693 -2.0358707478616402
0.9319747697126867 -17.931847649163053 -2.0105415716186137
0.9328662218457793 -17.93360611022115 -1.9852277251516952
0.9337564054568966 -17.935339556957842 -1.9599300145954999
0.9346452933023697 -17.93704801663222 -1.934649270477209
0.9355328572895052 -17.938731517662177 -1.9093863486785096
0.9364190684423352 -17.94039008966233 -1.884142131443781
0.9373038968656883 -17.94202376348349 -1.8589175284370576
0.9381873117074871 -17.9436325712538 -1.8337134778506154
0.9390692811191725 -17.945216546421626 -1.8085309475680162
0.9399497722141428 -17.946775723800293 -1.7833709363848094
0.9408287510240955 -17.94831013961474 -1.7582344752901164
0.941706182453149 -17.94981983155022 -1.7331226288127155
0.9425820302296114 -17.951304838803114 -1.7080364964353052
0.94345625685526 -17.95276520213403 -1.6829772140810206
0.9443288235519814 -17.95420096392323 -1.6579459556763787
0.9451996902056149 -17.955612168228555 -1.6329439347952786
0.9460688153068302 -17.95699886084598 -1.607972406388825
0.9469361558888608 -17.95836108937295 -1.5830326686061866
0.9478016674619002 -17.959698903274568 -1.55812606471196
0.9486653039439562 -17.961012353952903 -1.5332539851058975
0.9495270175879473 -17.962301494819513 -1.5084178694513177
0.9503867589048057 -17.963566381371372 -1.4836192089187712
0.9512444765823399 -17.964807071270364 -1.4588595485521907
0.952100117399592 -17.96602362442666 -1.434140489765042
0.9529536261364054 -17.96721610308598 -1.4094636929746471
0.953804945477903 -17.968384571921156 -1.38483088038328
0.9546540159135505 -17.969529098128127 -1.3602438389153164
0.9555007756304646 -17.97064975152666 -1.3357044233202622
0.9563451604005967 -17.971746604665995 -1.3112145594521785
0.957187103461401 -17.9728197329358 -1.2867762477367037
0.9580265353895722 -17.973869214682637 -1.262391566837671
0.9588633839674048 -17.974895131332268 -1.238062677536
0.959697574041304 -17.97589756751821 -1.2137918268344983
0.9605290273719416 -17.97687661121673 -1.1895813523030085
0.9613576624755231 -17.977832353888857 -1.1654336866792931
0.9621833944555946 -17.97876489062957 -1.1413513627420393
0.9630061348247867 -17.97967432032478 -1.11733701847335
0.9638257913158534 -17.980560745816366 -1.093393402529177
0.9646422676813294 -17.981424274075835 -1.0695233800373067
0.9654554634810874 -17.982265016387025 -1.0457299387434915
0.9662652738570425 -17.98308308853833 -1.0220161955277014
0.9670715892942093 -17.98387861102501 -0.998385403313442
0.967874295367278 -17.984651709262074 -0.9748409583944095
0.9686732724718432 -17.985402513808346 -0.9513864082038737
0.96946839553938 -17.986131160602202 -0.9280254595532256
0.9702595337350337 -17.986837791209666 -0.9047619873673227
0.9710465501372625 -17.987522553085388 -0.8816000439450988
0.9718293013983534 -17.98818559984714 -0.8585438687746745
0.9726076373848245 -17.98882709156444 -0.8355978989329387
0.9733814007967249 -17.989447195061906 -0.8127667800995688
0.9741504267648697 -17.990046084237896 -0.7900553782157189
0.9749145424250806 -17.99062394039906 -0.767468791816647
0.9756735664685715 -17.99118095261127 -0.745012365066664
0.9764273086677181 -17.991717318067387 -0.7226917015225496
0.9771755693765859 -17.992233242472295 -0.7005126786486926
0.9779181390057834 -17.992728940445453 -0.6784814631030258
0.9786547974714574 -17.993204635941083 -0.6566045268068841
0.9793853136185754 -17.99366056268602 -0.6348886638044604
0.9801094446190595 -17.994096964634902 -0.6133410079074864
0.9808269353458718 -17.99451409644226 -0.591969051107867
0.9815375177248188 -17.994912223950553 -0.5707806627250669
0.9822409100666772 -17.99529162469297 -0.5497841092342988
0.982936816383278 -17.995652588409126 -0.5289880746965636
0.9836249256924484 -17.995995417571372 -0.5084016816800023
0.9843049113182614 -17.99632042791854 -0.48803451252361185
0.9849764301949164 -17.996627948993197 -0.4678966307474255
0.9856391221848382 -17.996918324677395 -0.44799860235625033
0.9862926094242891 -17.997191913720698 -0.4283515167153915
0.9869364957130221 -17.997449090252996 -0.40896700659458673
0.9875703659683138 -17.997690244272697 -0.3898572668782663
0.9881937857681979 -17.997915782099398 -0.37103507132464486
0.9888063010139279 -17.99812612677768 -0.3525137866202144
0.9894074377476952 -17.998321718416534 -0.3343073828182739
0.9899967021684606 -17.998503014446104 -0.31643043906831636
0.99057358089641 -17.99867048977076 -0.2988981433361033
0.991137541545003 -17.99882463679432 -0.28172628458230164
0.9916880336686805 -17.998965965290203 -0.2649312356115132
0.9922244901638471 -17.999095002086122 -0.24852992452806788
0.99274632921033 -17.999212290530153 -0.23253979244604395
0.9932529568496017 -17.99931838970245 -0.2169787348110006
0.9937437703038094 -17.999413873335406 -0.20186502341666923
0.994218162145003 -17.999499328404518 -0.187217205965581
0.9946755254254439 -17.999575353353617 -0.17305397986213222
0.9951152598757413 -17.999642555921778 -0.15939403688274112
0.995536779265627 -17.99970155054563 -0.1462558754947807
0.9959395200000282 -17.999752955321167 -0.13365757795930477
0.9963229509881293 -17.99979738852342 -0.12161655002519467
0.9966865847728514 -17.999835464701224 -0.11014922208289235
0.9970299898406357 -17.99986779038817 -0.09927071216884542
0.9973528039456354 -17.999894959498207 -0.0889944532567668
0.9976547481791327 -17.999917548505927 -0.07933178986753475
0.9979356413973437 -17.999936111543082 -0.07029155215278138
0.9981954144950085 -17.999951175574065 -0.061879619162404254
0.9984341238880761 -17.999963235837946 -0.05409848680360696
0.9986519634597502 -17.999972751760914 -0.04694685974174462
0.9988492741464157 -17.999980143545173 -0.040419289777329226
0.9990265503111484 -17.999985789625327 -0.034505885567647
0.9991844420892544 -17.999990025149238 -0.029192119413988138
0.9993237530051816 -17.999993141587048 -0.024458755705900614
0.9994454323585293 -17.999995387503184 -0.02028192212457469
0.9995505621541305 -17.999996970447476 -0.016633338700891898
0.9996403386912762 -17.99999805984224 -0.013480711443556004
0.9997160493031476 -17.999998790671604 -0.01078828698663159
0.9997790451140411 -17.999999267727226 -0.008517553369593145
0.9998307110195945 -17.999999570138023 -0.006628060726026064
0.9998724343557648 -17.9999997559134 -0.005078325507057002
0.9999055738741748 -17.999999866258968 -0.0038267740511344073
0.9999314306639058 -17.99999992947498 -0.0028326767792385965
0.9999512225456596 -17.999999964311865 -0.0020570236617807325
0.9999660632206008 -17.99999998272458 -0.0014632950793327382
0.9999769471038213 -17.99999999202851 -0.0010180895615157226
0.9999847403434805 -17.999999996507157 -0.0006915805081284532
0.9999901780619914 -17.999999998552944 -0.00045778690130049426
0.9999938674005684 -17.99999999943587 -0.0002946569826107748
0.9999962955485057 -17.999999999794156 -0.00018397753164123287
0.9999978416340881 -17.99999999993012 -0.00011113338015533714
0.9999987911749065 -17.99999999997808 -6.475092145663552e-05
break at 1058
